[debug] [2026-02-06T19:05:39.295Z] ----------------------------------------------------------------------
[debug] [2026-02-06T19:05:39.302Z] Command:       /Users/espohr/.nvm/versions/node/v22.19.0/bin/node /Users/espohr/.nvm/versions/node/v22.19.0/bin/firebase deploy --only functions,hosting
[debug] [2026-02-06T19:05:39.302Z] CLI Version:   14.17.0
[debug] [2026-02-06T19:05:39.302Z] Platform:      darwin
[debug] [2026-02-06T19:05:39.302Z] Node Version:  v22.19.0
[debug] [2026-02-06T19:05:39.302Z] Time:          Fri Feb 06 2026 16:05:39 GMT-0300 (Chile Summer Time)
[debug] [2026-02-06T19:05:39.302Z] ----------------------------------------------------------------------
[debug] 
[debug] [2026-02-06T19:05:39.388Z] > command requires scopes: ["email","openid","https://www.googleapis.com/auth/cloudplatformprojects.readonly","https://www.googleapis.com/auth/firebase","https://www.googleapis.com/auth/cloud-platform"]
[debug] [2026-02-06T19:05:39.388Z] > authorizing via signed-in user (edmundo@spohr.cl)
[debug] [2026-02-06T19:05:39.388Z] [iam] checking project homerisk-fb567 for permissions ["cloudfunctions.functions.create","cloudfunctions.functions.delete","cloudfunctions.functions.get","cloudfunctions.functions.list","cloudfunctions.functions.update","cloudfunctions.operations.get","firebase.projects.get","firebasehosting.sites.update"]
[debug] [2026-02-06T19:05:39.389Z] Checked if tokens are valid: true, expires at: 1770405715620
[debug] [2026-02-06T19:05:39.389Z] Checked if tokens are valid: true, expires at: 1770405715620
[debug] [2026-02-06T19:05:39.389Z] >>> [apiv2][query] POST https://cloudresourcemanager.googleapis.com/v1/projects/homerisk-fb567:testIamPermissions [none]
[debug] [2026-02-06T19:05:39.389Z] >>> [apiv2][(partial)header] POST https://cloudresourcemanager.googleapis.com/v1/projects/homerisk-fb567:testIamPermissions x-goog-quota-user=projects/homerisk-fb567
[debug] [2026-02-06T19:05:39.389Z] >>> [apiv2][body] POST https://cloudresourcemanager.googleapis.com/v1/projects/homerisk-fb567:testIamPermissions {"permissions":["cloudfunctions.functions.create","cloudfunctions.functions.delete","cloudfunctions.functions.get","cloudfunctions.functions.list","cloudfunctions.functions.update","cloudfunctions.operations.get","firebase.projects.get","firebasehosting.sites.update"]}
[debug] [2026-02-06T19:05:40.474Z] <<< [apiv2][status] POST https://cloudresourcemanager.googleapis.com/v1/projects/homerisk-fb567:testIamPermissions 200
[debug] [2026-02-06T19:05:40.475Z] <<< [apiv2][body] POST https://cloudresourcemanager.googleapis.com/v1/projects/homerisk-fb567:testIamPermissions {"permissions":["cloudfunctions.functions.create","cloudfunctions.functions.delete","cloudfunctions.functions.get","cloudfunctions.functions.list","cloudfunctions.functions.update","cloudfunctions.operations.get","firebase.projects.get","firebasehosting.sites.update"]}
[debug] [2026-02-06T19:05:40.476Z] Checked if tokens are valid: true, expires at: 1770405715620
[debug] [2026-02-06T19:05:40.476Z] Checked if tokens are valid: true, expires at: 1770405715620
[debug] [2026-02-06T19:05:40.477Z] >>> [apiv2][query] POST https://iam.googleapis.com/v1/projects/homerisk-fb567/serviceAccounts/homerisk-fb567@appspot.gserviceaccount.com:testIamPermissions [none]
[debug] [2026-02-06T19:05:40.477Z] >>> [apiv2][body] POST https://iam.googleapis.com/v1/projects/homerisk-fb567/serviceAccounts/homerisk-fb567@appspot.gserviceaccount.com:testIamPermissions {"permissions":["iam.serviceAccounts.actAs"]}
[debug] [2026-02-06T19:05:41.533Z] <<< [apiv2][status] POST https://iam.googleapis.com/v1/projects/homerisk-fb567/serviceAccounts/homerisk-fb567@appspot.gserviceaccount.com:testIamPermissions 200
[debug] [2026-02-06T19:05:41.534Z] <<< [apiv2][body] POST https://iam.googleapis.com/v1/projects/homerisk-fb567/serviceAccounts/homerisk-fb567@appspot.gserviceaccount.com:testIamPermissions {"permissions":["iam.serviceAccounts.actAs"]}
[debug] [2026-02-06T19:05:41.535Z] Checked if tokens are valid: true, expires at: 1770405715620
[debug] [2026-02-06T19:05:41.535Z] Checked if tokens are valid: true, expires at: 1770405715620
[debug] [2026-02-06T19:05:41.535Z] >>> [apiv2][query] GET https://firebase.googleapis.com/v1beta1/projects/homerisk-fb567 [none]
[debug] [2026-02-06T19:05:41.870Z] <<< [apiv2][status] GET https://firebase.googleapis.com/v1beta1/projects/homerisk-fb567 200
[debug] [2026-02-06T19:05:41.870Z] <<< [apiv2][body] GET https://firebase.googleapis.com/v1beta1/projects/homerisk-fb567 {"projectId":"homerisk-fb567","projectNumber":"138417657010","displayName":"HomeRisk","name":"projects/homerisk-fb567","resources":{"hostingSite":"homerisk-fb567"},"state":"ACTIVE","etag":"1_f3fcc41b-9234-4b80-97ce-0d815c3521c4"}
[info] 
[info] === Deploying to 'homerisk-fb567'...
[info] 
[info] i  deploying functions, hosting 
[info] Running command: npm --prefix "$RESOURCE_DIR" run build
[info] ✔  functions: Finished running predeploy script. 
[debug] [2026-02-06T19:05:43.084Z] Checked if tokens are valid: true, expires at: 1770405715620
[debug] [2026-02-06T19:05:43.084Z] Checked if tokens are valid: true, expires at: 1770405715620
[debug] [2026-02-06T19:05:43.084Z] >>> [apiv2][query] GET https://cloudresourcemanager.googleapis.com/v1/projects/homerisk-fb567 [none]
[debug] [2026-02-06T19:05:43.308Z] <<< [apiv2][status] GET https://cloudresourcemanager.googleapis.com/v1/projects/homerisk-fb567 200
[debug] [2026-02-06T19:05:43.308Z] <<< [apiv2][body] GET https://cloudresourcemanager.googleapis.com/v1/projects/homerisk-fb567 {"projectNumber":"138417657010","projectId":"homerisk-fb567","lifecycleState":"ACTIVE","name":"HomeRisk","labels":{"firebase":"enabled","firebase-core":"disabled"},"createTime":"2026-01-29T01:39:41.154300Z","parent":{"type":"organization","id":"1075940758971"}}
[info] i  functions: preparing codebase default for deployment 
[info] i  functions: ensuring required API cloudfunctions.googleapis.com is enabled... 
[info] i  functions: ensuring required API cloudbuild.googleapis.com is enabled... 
[info] i  artifactregistry: ensuring required API artifactregistry.googleapis.com is enabled... 
[debug] [2026-02-06T19:05:43.309Z] Checked if tokens are valid: true, expires at: 1770405715620
[debug] [2026-02-06T19:05:43.309Z] Checked if tokens are valid: true, expires at: 1770405715620
[debug] [2026-02-06T19:05:43.309Z] >>> [apiv2][query] GET https://firebase.googleapis.com/v1beta1/projects/homerisk-fb567/adminSdkConfig [none]
[debug] [2026-02-06T19:05:43.609Z] <<< [apiv2][status] GET https://firebase.googleapis.com/v1beta1/projects/homerisk-fb567/adminSdkConfig 200
[debug] [2026-02-06T19:05:43.609Z] <<< [apiv2][body] GET https://firebase.googleapis.com/v1beta1/projects/homerisk-fb567/adminSdkConfig {"projectId":"homerisk-fb567","storageBucket":"homerisk-fb567.firebasestorage.app"}
[debug] [2026-02-06T19:05:43.610Z] Checked if tokens are valid: true, expires at: 1770405715620
[debug] [2026-02-06T19:05:43.610Z] Checked if tokens are valid: true, expires at: 1770405715620
[debug] [2026-02-06T19:05:43.610Z] >>> [apiv2][query] GET https://runtimeconfig.googleapis.com/v1beta1/projects/homerisk-fb567/configs [none]
[debug] [2026-02-06T19:05:44.004Z] <<< [apiv2][status] GET https://runtimeconfig.googleapis.com/v1beta1/projects/homerisk-fb567/configs 200
[debug] [2026-02-06T19:05:44.004Z] <<< [apiv2][body] GET https://runtimeconfig.googleapis.com/v1beta1/projects/homerisk-fb567/configs {"configs":[{"name":"projects/homerisk-fb567/configs/env"}]}
[debug] [2026-02-06T19:05:44.004Z] Checked if tokens are valid: true, expires at: 1770405715620
[debug] [2026-02-06T19:05:44.004Z] Checked if tokens are valid: true, expires at: 1770405715620
[debug] [2026-02-06T19:05:44.004Z] >>> [apiv2][query] GET https://runtimeconfig.googleapis.com/v1beta1/projects/homerisk-fb567/configs/env/variables [none]
[debug] [2026-02-06T19:05:44.964Z] <<< [apiv2][status] GET https://runtimeconfig.googleapis.com/v1beta1/projects/homerisk-fb567/configs/env/variables 200
[debug] [2026-02-06T19:05:44.964Z] <<< [apiv2][body] GET https://runtimeconfig.googleapis.com/v1beta1/projects/homerisk-fb567/configs/env/variables {"variables":[{"name":"projects/homerisk-fb567/configs/env/variables/api_base_url","updateTime":"2026-01-29T02:59:09.575270295Z"}]}
[debug] [2026-02-06T19:05:44.965Z] Checked if tokens are valid: true, expires at: 1770405715620
[debug] [2026-02-06T19:05:44.965Z] Checked if tokens are valid: true, expires at: 1770405715620
[debug] [2026-02-06T19:05:44.965Z] >>> [apiv2][query] GET https://runtimeconfig.googleapis.com/v1beta1/projects/homerisk-fb567/configs/env/variables/api_base_url [none]
[debug] [2026-02-06T19:05:45.257Z] <<< [apiv2][status] GET https://runtimeconfig.googleapis.com/v1beta1/projects/homerisk-fb567/configs/env/variables/api_base_url 200
[debug] [2026-02-06T19:05:45.257Z] <<< [apiv2][body] GET https://runtimeconfig.googleapis.com/v1beta1/projects/homerisk-fb567/configs/env/variables/api_base_url {"name":"projects/homerisk-fb567/configs/env/variables/api_base_url","updateTime":"2026-01-29T02:59:09.575270295Z","text":"https://us-central1-homerisk-fb567.cloudfunctions.net"}
[debug] [2026-02-06T19:05:45.260Z] Validating nodejs source
[debug] [2026-02-06T19:05:45.697Z] > [functions] package.json contents: {
  "name": "@homerisk/functions",
  "version": "1.0.0",
  "main": "lib/index.js",
  "scripts": {
    "build": "tsc",
    "serve": "firebase emulators:start --only functions",
    "shell": "firebase functions:shell",
    "start": "npm run shell",
    "deploy": "firebase deploy --only functions",
    "logs": "firebase functions:log"
  },
  "engines": {
    "node": "22"
  },
  "dependencies": {
    "@google-cloud/pubsub": "^4.0.0",
    "@google-cloud/vertexai": "^0.4.0",
    "@homerisk/common": "file:homerisk-common-1.0.0.tgz",
    "cors": "^2.8.5",
    "dotenv": "^16.4.1",
    "firebase-admin": "^13.6.1",
    "firebase-functions": "^7.0.5",
    "nodemailer": "^7.0.13",
    "serpapi": "^2.1.0"
  },
  "devDependencies": {
    "@types/cors": "^2.8.19",
    "@types/node": "^25.1.0",
    "@types/nodemailer": "^7.0.9",
    "firebase-functions-test": "^3.1.0",
    "typescript": "^5.3.3"
  },
  "private": true
}
[debug] [2026-02-06T19:05:45.697Z] Building nodejs source
[info] i  functions: Loading and analyzing source code for codebase default to determine what to deploy 
[debug] [2026-02-06T19:05:45.698Z] Could not find functions.yaml. Must use http discovery
[debug] [2026-02-06T19:05:45.702Z] Found firebase-functions binary at '/Users/espohr/Documents/HomeRisk/node_modules/.bin/firebase-functions'
[info] Serving at port 8649

[debug] [2026-02-06T19:05:46.242Z] Got response from /__/functions.yaml {"endpoints":{"submitAnalysis":{"availableMemoryMb":null,"timeoutSeconds":null,"minInstances":null,"maxInstances":null,"ingressSettings":null,"concurrency":null,"serviceAccountEmail":null,"vpc":null,"platform":"gcfv2","labels":{},"httpsTrigger":{},"entryPoint":"submitAnalysis"},"orchestrator":{"availableMemoryMb":512,"timeoutSeconds":null,"minInstances":null,"maxInstances":null,"ingressSettings":null,"concurrency":null,"serviceAccountEmail":null,"vpc":null,"platform":"gcfv2","labels":{},"eventTrigger":{"eventType":"google.cloud.pubsub.topic.v1.messagePublished","eventFilters":{"topic":"analysis-requests"},"retry":false},"entryPoint":"orchestrator"},"scanTelco":{"availableMemoryMb":1024,"timeoutSeconds":120,"minInstances":null,"maxInstances":null,"ingressSettings":null,"concurrency":null,"serviceAccountEmail":null,"vpc":null,"platform":"gcfv2","labels":{},"eventTrigger":{"eventType":"google.cloud.pubsub.topic.v1.messagePublished","eventFilters":{"topic":"scan-telco"},"retry":false},"entryPoint":"scanTelco"},"scanUtilities":{"availableMemoryMb":1024,"timeoutSeconds":120,"minInstances":null,"maxInstances":null,"ingressSettings":null,"concurrency":null,"serviceAccountEmail":null,"vpc":null,"platform":"gcfv2","labels":{},"eventTrigger":{"eventType":"google.cloud.pubsub.topic.v1.messagePublished","eventFilters":{"topic":"scan-utilities"},"retry":false},"entryPoint":"scanUtilities"},"scanSafety":{"availableMemoryMb":1024,"timeoutSeconds":120,"minInstances":null,"maxInstances":null,"ingressSettings":null,"concurrency":null,"serviceAccountEmail":null,"vpc":null,"platform":"gcfv2","labels":{},"eventTrigger":{"eventType":"google.cloud.pubsub.topic.v1.messagePublished","eventFilters":{"topic":"scan-safety"},"retry":false},"entryPoint":"scanSafety"},"aggregator":{"availableMemoryMb":null,"timeoutSeconds":null,"minInstances":null,"maxInstances":null,"ingressSettings":null,"concurrency":null,"serviceAccountEmail":null,"vpc":null,"platform":"gcfv2","labels":{},"eventTrigger":{"eventType":"google.cloud.firestore.document.v1.updated","eventFilters":{"database":"(default)","namespace":"(default)"},"eventFilterPathPatterns":{"document":"analysis/{scanId}"},"retry":false},"entryPoint":"aggregator"},"read":{"availableMemoryMb":null,"timeoutSeconds":null,"minInstances":null,"maxInstances":null,"ingressSettings":null,"concurrency":null,"serviceAccountEmail":null,"vpc":null,"platform":"gcfv2","labels":{},"httpsTrigger":{},"entryPoint":"read"}},"specVersion":"v1alpha1","requiredAPIs":[],"extensions":{}}
[info] i  extensions: ensuring required API firebaseextensions.googleapis.com is enabled... 
[debug] [2026-02-06T19:05:50.264Z] > command requires scopes: ["email","openid","https://www.googleapis.com/auth/cloudplatformprojects.readonly","https://www.googleapis.com/auth/firebase","https://www.googleapis.com/auth/cloud-platform"]
[debug] [2026-02-06T19:05:50.264Z] > authorizing via signed-in user (edmundo@spohr.cl)
[debug] [2026-02-06T19:05:50.264Z] [iam] checking project homerisk-fb567 for permissions ["firebase.projects.get","firebaseextensions.instances.list"]
[debug] [2026-02-06T19:05:50.265Z] Checked if tokens are valid: true, expires at: 1770405715620
[debug] [2026-02-06T19:05:50.265Z] Checked if tokens are valid: true, expires at: 1770405715620
[debug] [2026-02-06T19:05:50.265Z] >>> [apiv2][query] POST https://cloudresourcemanager.googleapis.com/v1/projects/homerisk-fb567:testIamPermissions [none]
[debug] [2026-02-06T19:05:50.265Z] >>> [apiv2][(partial)header] POST https://cloudresourcemanager.googleapis.com/v1/projects/homerisk-fb567:testIamPermissions x-goog-quota-user=projects/homerisk-fb567
[debug] [2026-02-06T19:05:50.265Z] >>> [apiv2][body] POST https://cloudresourcemanager.googleapis.com/v1/projects/homerisk-fb567:testIamPermissions {"permissions":["firebase.projects.get","firebaseextensions.instances.list"]}
[debug] [2026-02-06T19:05:51.286Z] <<< [apiv2][status] POST https://cloudresourcemanager.googleapis.com/v1/projects/homerisk-fb567:testIamPermissions 200
[debug] [2026-02-06T19:05:51.287Z] <<< [apiv2][body] POST https://cloudresourcemanager.googleapis.com/v1/projects/homerisk-fb567:testIamPermissions {"permissions":["firebase.projects.get","firebaseextensions.instances.list"]}
[debug] [2026-02-06T19:05:51.288Z] Checked if tokens are valid: true, expires at: 1770405715620
[debug] [2026-02-06T19:05:51.288Z] Checked if tokens are valid: true, expires at: 1770405715620
[debug] [2026-02-06T19:05:51.288Z] >>> [apiv2][query] GET https://firebaseextensions.googleapis.com/v1beta/projects/homerisk-fb567/instances pageSize=100&pageToken=
[debug] [2026-02-06T19:05:52.335Z] <<< [apiv2][status] GET https://firebaseextensions.googleapis.com/v1beta/projects/homerisk-fb567/instances 200
[debug] [2026-02-06T19:05:52.335Z] <<< [apiv2][body] GET https://firebaseextensions.googleapis.com/v1beta/projects/homerisk-fb567/instances {}
[info] i  functions: Loaded environment variables from .env. 
[info] i  functions: preparing packages/functions directory for uploading... 
[info] i  functions: packaged /Users/espohr/Documents/HomeRisk/packages/functions (35.46 KB) for uploading 
[debug] [2026-02-06T19:05:52.374Z] Checked if tokens are valid: true, expires at: 1770405715620
[debug] [2026-02-06T19:05:52.374Z] Checked if tokens are valid: true, expires at: 1770405715620
[debug] [2026-02-06T19:05:52.374Z] >>> [apiv2][query] GET https://cloudfunctions.googleapis.com/v1/projects/homerisk-fb567/locations/-/functions [none]
[debug] [2026-02-06T19:05:53.056Z] <<< [apiv2][status] GET https://cloudfunctions.googleapis.com/v1/projects/homerisk-fb567/locations/-/functions 200
[debug] [2026-02-06T19:05:53.056Z] <<< [apiv2][body] GET https://cloudfunctions.googleapis.com/v1/projects/homerisk-fb567/locations/-/functions {}
[debug] [2026-02-06T19:05:53.056Z] Checked if tokens are valid: true, expires at: 1770405715620
[debug] [2026-02-06T19:05:53.056Z] Checked if tokens are valid: true, expires at: 1770405715620
[debug] [2026-02-06T19:05:53.056Z] >>> [apiv2][query] GET https://cloudfunctions.googleapis.com/v2/projects/homerisk-fb567/locations/-/functions filter=environment%3D%22GEN_2%22
